[handleMsg]:  {
  key: {
    remoteJid: '5219842343944@s.whatsapp.net',
    fromMe: false,
    id: '3EB0968D3C99FAE57F0CA3',
    participant: undefined
  },
  messageTimestamp: 1711668341,
  pushName: 'Héctor Ruiz',
  broadcast: false,
  message: Message {
    extendedTextMessage: ExtendedTextMessage {
      text: 'hello',
      contextInfo: [ContextInfo],
      inviteLinkGroupTypeV2: 0
    },
    messageContextInfo: MessageContextInfo {
      deviceListMetadata: [DeviceListMetadata],
      deviceListMetadataVersion: 2
    }
  },
  body: 'hello',
  from: '5219842343944'
}
[QUEUE_SE_ENVIO]:  {
  ref: 'ans_5b90b573-5fb1-4d12-b3f9-fc8df561c73c',
  keyword: 'key_c0a3a68b-ef3f-421e-85a6-e6c96a396f38',
  answer: '🙌 Hola, bienvenido a *VozFinanzas Chatbot*',
  options: {
    media: null,
    buttons: [],
    capture: false,
    child: null,
    delay: 0,
    idle: null,
    ref: null,
    nested: [],
    keyword: {},
    callback: false
  },
  refSerialize: '8d53b49c6c6fd4230e1400abcd7121d5'
}
[QUEUE_SE_ENVIO]:  {
  ref: 'ans_68e511d4-1ac6-43f0-9a40-df7b81c06500',
  keyword: 'ans_5b90b573-5fb1-4d12-b3f9-fc8df561c73c',
  answer: 'Si buscas impulsar el crecimiento de tu empresa, estás en el lugar correcto.\n' +
    'Por favor, elige una de las siguientes opciones para continuar:\n' +
    '👉 Escribe *Aquí* si deseas registrarte directamente desde este chat. Es ideal para quienes usan nuestros servicios por primera vez.\n' +
    '👉 Escribe *Form* si prefieres registrarte a través de nuestro formulario de Google. Esta opción es una alternativa de registro.\n' +
    '👉 Escribe *Servicios* para conocer más sobre lo que ofrecemos. Un asistente te proporcionará la información necesaria.\n' +
    '👉 Escribe *Presupuesto* si deseas recibir un estimado sobre el costo de nuestros servicios.',
  options: {
    media: null,
    buttons: [],
    capture: true,
    child: null,
    delay: 1000,
    idle: null,
    ref: null,
    nested: [
      [Object], [Object],
      [Object], [Object],
      [Object], [Object],
      [Object], [Object],
      [Object], [Object],
      [Object], [Object],
      [Object], [Object],
      [Object], [Object],
      [Object]
    ],
    keyword: {},
    callback: true
  },
  refSerialize: '50281527cac48e8232a988a699d0a9de'
}
[handleMsg]:  {
  key: {
    remoteJid: '5219842343944@s.whatsapp.net',
    fromMe: false,
    id: '3EB06AA454E9976555B505',
    participant: undefined
  },
  messageTimestamp: 1711668347,
  pushName: 'Héctor Ruiz',
  broadcast: false,
  message: Message {
    extendedTextMessage: ExtendedTextMessage {
      text: 'aqui',
      contextInfo: [ContextInfo],
      inviteLinkGroupTypeV2: 0
    },
    messageContextInfo: MessageContextInfo {
      deviceListMetadata: [DeviceListMetadata],
      deviceListMetadataVersion: 2
    }
  },
  body: 'aqui',
  from: '5219842343944'
}
[QUEUE_SE_ENVIO]:  {
  ref: 'ans_8e0e1fa6-3a8d-490f-90c0-36fc741a9e0b',
  keyword: 'key_ed901d08-d3f5-4bdb-82e3-aeed6667065a',
  answer: 'Capturare sus respuesta',
  options: {
    media: null,
    buttons: [],
    capture: false,
    child: null,
    delay: 0,
    idle: null,
    ref: null,
    nested: [],
    keyword: {},
    callback: false
  },
  refSerialize: 'b084c0c7be18b2e14e9e8393e3fda318'
}
[QUEUE_SE_ENVIO]:  {
  ref: 'ans_7e8494bb-bc08-4d59-8d8c-2c4f96b6649d',
  keyword: 'ans_8e0e1fa6-3a8d-490f-90c0-36fc741a9e0b',
  answer: '¿Nombre de su empresa?',
  options: {
    media: null,
    buttons: [],
    capture: true,
    child: null,
    delay: 0,
    idle: null,
    ref: null,
    nested: [],
    keyword: {},
    callback: true
  },
  refSerialize: '56834008eca9280c55d0a35dd07d01a1'
}
[handleMsg]:  {
  key: {
    remoteJid: '5219842343944@s.whatsapp.net',
    fromMe: false,
    id: '3EB0371C2885B426597ACE',
    participant: undefined
  },
  messageTimestamp: 1711668352,
  pushName: 'Héctor Ruiz',
  broadcast: false,
  message: Message {
    extendedTextMessage: ExtendedTextMessage {
      text: 'Dev-He',
      contextInfo: [ContextInfo],
      inviteLinkGroupTypeV2: 0
    },
    messageContextInfo: MessageContextInfo {
      deviceListMetadata: [DeviceListMetadata],
      deviceListMetadataVersion: 2
    }
  },
  body: 'Dev-He',
  from: '5219842343944'
}
[QUEUE_SE_ENVIO]:  {
  ref: 'ans_5f58bbcb-d7bb-4aa8-b07b-dcfbddf3c2ca',
  keyword: 'ans_7e8494bb-bc08-4d59-8d8c-2c4f96b6649d',
  answer: '¿Ubicación de su negocio?',
  options: {
    media: null,
    buttons: [],
    capture: true,
    child: null,
    delay: 0,
    idle: null,
    ref: null,
    nested: [],
    keyword: {},
    callback: true
  },
  refSerialize: 'b89525f77803e9bd4e8292a879f52602'
}
[handleMsg]:  {
  key: {
    remoteJid: '5219842343944@s.whatsapp.net',
    fromMe: false,
    id: '3EB05F4569652A1BAD491A',
    participant: undefined
  },
  messageTimestamp: 1711668363,
  pushName: 'Héctor Ruiz',
  broadcast: false,
  message: Message {
    extendedTextMessage: ExtendedTextMessage {
      text: 'Starbuks de paseo montejo',
      contextInfo: [ContextInfo],
      inviteLinkGroupTypeV2: 0
    },
    messageContextInfo: MessageContextInfo {
      deviceListMetadata: [DeviceListMetadata],
      deviceListMetadataVersion: 2
    }
  },
  body: 'Starbuks de paseo montejo',
  from: '5219842343944'
}
[QUEUE_SE_ENVIO]:  {
  ref: 'ans_a7aa8e9c-1ff8-491b-8016-ef3208ec5ba6',
  keyword: 'ans_5f58bbcb-d7bb-4aa8-b07b-dcfbddf3c2ca',
  answer: '¿Descripción de los productos o servicios ofrecidos?',
  options: {
    media: null,
    buttons: [],
    capture: true,
    child: null,
    delay: 0,
    idle: null,
    ref: null,
    nested: [],
    keyword: {},
    callback: true
  },
  refSerialize: '9ae8be75e914886b5e12160d234caedf'
}
[handleMsg]:  {
  key: {
    remoteJid: '5219842343944@s.whatsapp.net',
    fromMe: false,
    id: '3EB07D45D062C203FADCEA',
    participant: undefined
  },
  messageTimestamp: 1711668371,
  pushName: 'Héctor Ruiz',
  broadcast: false,
  message: Message {
    extendedTextMessage: ExtendedTextMessage {
      text: 'hacemos software a la medida',
      contextInfo: [ContextInfo],
      inviteLinkGroupTypeV2: 0
    },
    messageContextInfo: MessageContextInfo {
      deviceListMetadata: [DeviceListMetadata],
      deviceListMetadataVersion: 2
    }
  },
  body: 'hacemos software a la medida',
  from: '5219842343944'
}
[QUEUE_SE_ENVIO]:  {
  ref: 'ans_a957035d-2b33-4db2-8760-15d343ca1576',
  keyword: 'ans_a7aa8e9c-1ff8-491b-8016-ef3208ec5ba6',
  answer: '¿Número de proveedores y empleados?',
  options: {
    media: null,
    buttons: [],
    capture: true,
    child: null,
    delay: 0,
    idle: null,
    ref: null,
    nested: [],
    keyword: {},
    callback: true
  },
  refSerialize: 'a1a4aeeb746e8a82232aeb98ad16b62b'
}
[handleMsg]:  {
  key: {
    remoteJid: '5219842343944@s.whatsapp.net',
    fromMe: false,
    id: '3EB066AEB5B0ACDB222E79',
    participant: undefined
  },
  messageTimestamp: 1711668382,
  pushName: 'Héctor Ruiz',
  broadcast: false,
  message: Message {
    extendedTextMessage: ExtendedTextMessage {
      text: 'tenemos dos proveedores y 6 empleados',
      contextInfo: [ContextInfo],
      inviteLinkGroupTypeV2: 0
    },
    messageContextInfo: MessageContextInfo {
      deviceListMetadata: [DeviceListMetadata],
      deviceListMetadataVersion: 2
    }
  },
  body: 'tenemos dos proveedores y 6 empleados',
  from: '5219842343944'
}
[QUEUE_SE_ENVIO]:  {
  ref: 'ans_24e28826-7f97-45b7-a6ee-5854e67d0e9f',
  keyword: 'ans_a957035d-2b33-4db2-8760-15d343ca1576',
  answer: '¿Método de contacto de sus proveedores?',
  options: {
    media: null,
    buttons: [],
    capture: true,
    child: null,
    delay: 0,
    idle: null,
    ref: null,
    nested: [],
    keyword: {},
    callback: true
  },
  refSerialize: 'c72caaad7d9f220472cbd4273ed3d9a2'
}
[handleMsg]:  {
  key: {
    remoteJid: '5219842343944@s.whatsapp.net',
    fromMe: false,
    id: '3EB086327024DF42889A87',
    participant: undefined
  },
  messageTimestamp: 1711668389,
  pushName: 'Héctor Ruiz',
  broadcast: false,
  message: Message {
    extendedTextMessage: ExtendedTextMessage {
      text: 'por internet',
      contextInfo: [ContextInfo],
      inviteLinkGroupTypeV2: 0
    },
    messageContextInfo: MessageContextInfo {
      deviceListMetadata: [DeviceListMetadata],
      deviceListMetadataVersion: 2
    }
  },
  body: 'por internet',
  from: '5219842343944'
}
[QUEUE_SE_ENVIO]:  {
  ref: 'ans_db8870f3-e7c0-46b7-b162-54e50b124d24',
  keyword: 'ans_24e28826-7f97-45b7-a6ee-5854e67d0e9f',
  answer: '¿Procesos para el registro de sus gastos y egresos?',
  options: {
    media: null,
    buttons: [],
    capture: true,
    child: null,
    delay: 0,
    idle: null,
    ref: null,
    nested: [],
    keyword: {},
    callback: true
  },
  refSerialize: '191221d656d8fd07cba4e8437e6b27a8'
}
[handleMsg]:  {
  key: {
    remoteJid: '5219842343944@s.whatsapp.net',
    fromMe: false,
    id: '3EB0DF978EAE06FD12FCC0',
    participant: undefined
  },
  messageTimestamp: 1711668400,
  pushName: 'Héctor Ruiz',
  broadcast: false,
  message: Message {
    extendedTextMessage: ExtendedTextMessage {
      text: 'google sheets',
      contextInfo: [ContextInfo],
      inviteLinkGroupTypeV2: 0
    },
    messageContextInfo: MessageContextInfo {
      deviceListMetadata: [DeviceListMetadata],
      deviceListMetadataVersion: 2
    }
  },
  body: 'google sheets',
  from: '5219842343944'
}
[QUEUE_SE_ENVIO]:  {
  ref: 'ans_c7667790-ae0d-4c2e-886d-8b85e60aee16',
  keyword: 'ans_db8870f3-e7c0-46b7-b162-54e50b124d24',
  answer: '¿Estaría interesado en una aplicación para el registro de gastos?\n' +
    'Esto sería mediante WhatsApp. (Contestas "Sí" o "No")',
  options: {
    media: null,
    buttons: [],
    capture: true,
    child: null,
    delay: 0,
    idle: null,
    ref: null,
    nested: [],
    keyword: {},
    callback: true
  },
  refSerialize: 'ec84f44a5bba793996a491d11f730c3f'
}
[handleMsg]:  {
  key: {
    remoteJid: '5219842343944@s.whatsapp.net',
    fromMe: false,
    id: '3EB0E0993CF058C6E4CFAF',
    participant: undefined
  },
  messageTimestamp: 1711668404,
  pushName: 'Héctor Ruiz',
  broadcast: false,
  message: Message {
    extendedTextMessage: ExtendedTextMessage {
      text: 'si',
      contextInfo: [ContextInfo],
      inviteLinkGroupTypeV2: 0
    },
    messageContextInfo: MessageContextInfo {
      deviceListMetadata: [DeviceListMetadata],
      deviceListMetadataVersion: 2
    }
  },
  body: 'si',
  from: '5219842343944'
}
[QUEUE_SE_ENVIO]:  {
  ref: 'ans_6305374a-dea6-4667-9600-81b3421fc5ca',
  keyword: 'ans_c7667790-ae0d-4c2e-886d-8b85e60aee16',
  answer: '¿Tiene conocimiento acerca de registros contables?',
  options: {
    media: null,
    buttons: [],
    capture: true,
    child: null,
    delay: 0,
    idle: null,
    ref: null,
    nested: [],
    keyword: {},
    callback: true
  },
  refSerialize: '8d811ec5c799a6d6c324b52350c28564'
}
[handleMsg]:  {
  key: {
    remoteJid: '5219842343944@s.whatsapp.net',
    fromMe: false,
    id: '3EB063094E3B42266920FD',
    participant: undefined
  },
  messageTimestamp: 1711668410,
  pushName: 'Héctor Ruiz',
  broadcast: false,
  message: Message {
    extendedTextMessage: ExtendedTextMessage {
      text: 'lo básico',
      contextInfo: [ContextInfo],
      inviteLinkGroupTypeV2: 0
    },
    messageContextInfo: MessageContextInfo {
      deviceListMetadata: [DeviceListMetadata],
      deviceListMetadataVersion: 2
    }
  },
  body: 'lo básico',
  from: '5219842343944'
}
[QUEUE_SE_ENVIO]:  {
  ref: 'ans_9aa20fc3-ff70-458e-bdd0-bdecdfd313a1',
  keyword: 'ans_6305374a-dea6-4667-9600-81b3421fc5ca',
  answer: 'Detalle de productos y precios',
  options: {
    media: null,
    buttons: [],
    capture: true,
    child: null,
    delay: 0,
    idle: null,
    ref: null,
    nested: [],
    keyword: {},
    callback: true
  },
  refSerialize: 'c8bfb537115c5a61ce8b5e2da0eda13a'
}
[handleMsg]:  {
  key: {
    remoteJid: '5219842343944@s.whatsapp.net',
    fromMe: false,
    id: '3EB09BFBC8B415082BDB83',
    participant: undefined
  },
  messageTimestamp: 1711668441,
  pushName: 'Héctor Ruiz',
  broadcast: false,
  message: Message {
    extendedTextMessage: ExtendedTextMessage {
      text: 'Pues tengo como tal servicio de hacer chatbos el cual ese hecho a la medida por lo que varia muchs los precios, depende d el acomplejidad que el cliente dsolicite',
      contextInfo: [ContextInfo],
      inviteLinkGroupTypeV2: 0
    },
    messageContextInfo: MessageContextInfo {
      deviceListMetadata: [DeviceListMetadata],
      deviceListMetadataVersion: 2
    }
  },
  body: 'Pues tengo como tal servicio de hacer chatbos el cual ese hecho a la medida por lo que varia muchs los precios, depende d el acomplejidad que el cliente dsolicite',
  from: '5219842343944'
}
[QUEUE_SE_ENVIO]:  {
  ref: 'ans_fc06667a-736d-4cb6-ac0d-b6b056652b1e',
  keyword: 'ans_9aa20fc3-ff70-458e-bdd0-bdecdfd313a1',
  answer: '¿Duración del emprendimiento?',
  options: {
    media: null,
    buttons: [],
    capture: true,
    child: null,
    delay: 0,
    idle: null,
    ref: null,
    nested: [],
    keyword: {},
    callback: true
  },
  refSerialize: '1a8639a0ba0fa15e83d83be05d0fcd31'
}
[handleMsg]:  {
  key: {
    remoteJid: '5219842343944@s.whatsapp.net',
    fromMe: false,
    id: '3EB0E010145F3E46050603',
    participant: undefined
  },
  messageTimestamp: 1711668446,
  pushName: 'Héctor Ruiz',
  broadcast: false,
  message: Message {
    extendedTextMessage: ExtendedTextMessage {
      text: '3 meses',
      contextInfo: [ContextInfo],
      inviteLinkGroupTypeV2: 0
    },
    messageContextInfo: MessageContextInfo {
      deviceListMetadata: [DeviceListMetadata],
      deviceListMetadataVersion: 2
    }
  },
  body: '3 meses',
  from: '5219842343944'
}
[QUEUE_SE_ENVIO]:  {
  ref: 'ans_8cac37f3-5821-4656-89b7-fe71e1fbc614',
  keyword: 'ans_fc06667a-736d-4cb6-ac0d-b6b056652b1e',
  answer: '¿Cuál es el estado de formalidad del negocio?',
  options: {
    media: null,
    buttons: [],
    capture: true,
    child: null,
    delay: 0,
    idle: null,
    ref: null,
    nested: [],
    keyword: {},
    callback: true
  },
  refSerialize: 'cd21c8bac02a4370386d678f2ef85395'
}
[handleMsg]:  {
  key: {
    remoteJid: '5219842343944@s.whatsapp.net',
    fromMe: false,
    id: '3EB075B7C5473AEA025F2B',
    participant: undefined
  },
  messageTimestamp: 1711668451,
  pushName: 'Héctor Ruiz',
  broadcast: false,
  message: Message {
    extendedTextMessage: ExtendedTextMessage {
      text: 'En proceso de',
      contextInfo: [ContextInfo],
      inviteLinkGroupTypeV2: 0
    },
    messageContextInfo: MessageContextInfo {
      deviceListMetadata: [DeviceListMetadata],
      deviceListMetadataVersion: 2
    }
  },
  body: 'En proceso de',
  from: '5219842343944'
}
[QUEUE_SE_ENVIO]:  {
  ref: 'ans_52c2a1b0-942e-45d0-ad0e-e177720461fe',
  keyword: 'ans_8cac37f3-5821-4656-89b7-fe71e1fbc614',
  answer: 'Perfecto. Estamos registrando sus datos',
  options: {
    media: null,
    buttons: [],
    capture: false,
    child: null,
    delay: 0,
    idle: null,
    ref: null,
    nested: [],
    keyword: {},
    callback: true
  },
  refSerialize: '5eb6bddd5b8a919c31325d2c3d333936'
}
[handleMsg]:  {
  key: {
    remoteJid: '5219842343944@s.whatsapp.net',
    fromMe: false,
    id: '3EB088B5A95AB67D24BA23',
    participant: undefined
  },
  messageTimestamp: 1711668493,
  pushName: 'Héctor Ruiz',
  broadcast: false,
  message: Message {
    extendedTextMessage: ExtendedTextMessage {
      text: 'hello',
      contextInfo: [ContextInfo],
      inviteLinkGroupTypeV2: 0
    },
    messageContextInfo: MessageContextInfo {
      deviceListMetadata: [DeviceListMetadata],
      deviceListMetadataVersion: 2
    }
  },
  body: 'hello',
  from: '5219842343944'
}
[QUEUE_SE_ENVIO]:  {
  ref: 'ans_5b90b573-5fb1-4d12-b3f9-fc8df561c73c',
  keyword: 'key_c0a3a68b-ef3f-421e-85a6-e6c96a396f38',
  answer: '🙌 Hola, bienvenido a *VozFinanzas Chatbot*',
  options: {
    media: null,
    buttons: [],
    capture: false,
    child: null,
    delay: 0,
    idle: null,
    ref: null,
    nested: [],
    keyword: {},
    callback: false
  },
  refSerialize: '8d53b49c6c6fd4230e1400abcd7121d5'
}
[QUEUE_SE_ENVIO]:  {
  ref: 'ans_68e511d4-1ac6-43f0-9a40-df7b81c06500',
  keyword: 'ans_5b90b573-5fb1-4d12-b3f9-fc8df561c73c',
  answer: 'Si buscas impulsar el crecimiento de tu empresa, estás en el lugar correcto.\n' +
    'Por favor, elige una de las siguientes opciones para continuar:\n' +
    '👉 Escribe *Aquí* si deseas registrarte directamente desde este chat. Es ideal para quienes usan nuestros servicios por primera vez.\n' +
    '👉 Escribe *Form* si prefieres registrarte a través de nuestro formulario de Google. Esta opción es una alternativa de registro.\n' +
    '👉 Escribe *Servicios* para conocer más sobre lo que ofrecemos. Un asistente te proporcionará la información necesaria.\n' +
    '👉 Escribe *Presupuesto* si deseas recibir un estimado sobre el costo de nuestros servicios.',
  options: {
    media: null,
    buttons: [],
    capture: true,
    child: null,
    delay: 1000,
    idle: null,
    ref: null,
    nested: [
      [Object], [Object],
      [Object], [Object],
      [Object], [Object],
      [Object], [Object],
      [Object], [Object],
      [Object], [Object],
      [Object], [Object],
      [Object], [Object],
      [Object]
    ],
    keyword: {},
    callback: true
  },
  refSerialize: '50281527cac48e8232a988a699d0a9de'
}
[handleMsg]:  {
  key: {
    remoteJid: '5219842343944@s.whatsapp.net',
    fromMe: false,
    id: '3EB0F0205692A073A2AE88',
    participant: undefined
  },
  messageTimestamp: 1711668496,
  pushName: 'Héctor Ruiz',
  broadcast: false,
  message: Message {
    extendedTextMessage: ExtendedTextMessage {
      text: 'aqui',
      contextInfo: [ContextInfo],
      inviteLinkGroupTypeV2: 0
    },
    messageContextInfo: MessageContextInfo {
      deviceListMetadata: [DeviceListMetadata],
      deviceListMetadataVersion: 2
    }
  },
  body: 'aqui',
  from: '5219842343944'
}
[QUEUE_SE_ENVIO]:  {
  ref: 'ans_8e0e1fa6-3a8d-490f-90c0-36fc741a9e0b',
  keyword: 'key_ed901d08-d3f5-4bdb-82e3-aeed6667065a',
  answer: 'Capturare sus respuesta',
  options: {
    media: null,
    buttons: [],
    capture: false,
    child: null,
    delay: 0,
    idle: null,
    ref: null,
    nested: [],
    keyword: {},
    callback: false
  },
  refSerialize: 'b084c0c7be18b2e14e9e8393e3fda318'
}
[QUEUE_SE_ENVIO]:  {
  ref: 'ans_7e8494bb-bc08-4d59-8d8c-2c4f96b6649d',
  keyword: 'ans_8e0e1fa6-3a8d-490f-90c0-36fc741a9e0b',
  answer: '¿Nombre de su empresa?',
  options: {
    media: null,
    buttons: [],
    capture: true,
    child: null,
    delay: 0,
    idle: null,
    ref: null,
    nested: [],
    keyword: {},
    callback: true
  },
  refSerialize: '56834008eca9280c55d0a35dd07d01a1'
}
[handleMsg]:  {
  key: {
    remoteJid: '5219842343944@s.whatsapp.net',
    fromMe: false,
    id: '3EB0ABE5DCC5BB78E71EDC',
    participant: undefined
  },
  messageTimestamp: 1711668511,
  pushName: 'Héctor Ruiz',
  broadcast: false,
  message: Message {
    imageMessage: ImageMessage {
      interactiveAnnotations: [],
      scanLengths: [],
      url: 'https://mmg.whatsapp.net/o1/v/t62.7118-24/f1/m231/up-oil-image-e30d4afc-af21-45d3-a662-3a0632929ea9?ccb=9-4&oh=01_ASCsd-bIVv-J6rOqEFNjFCFVMhsxz74DKJ0gBJh3oBJ9Vw&oe=662D8215&_nc_sid=000000&mms3=true',
      mimetype: 'image/jpeg',
      caption: 'aquí perrillo',
      fileSha256: [Uint8Array],
      fileLength: [Long],
      height: 112,
      width: 199,
      mediaKey: [Uint8Array],
      fileEncSha256: [Uint8Array],
      directPath: '/o1/v/t62.7118-24/f1/m231/up-oil-image-e30d4afc-af21-45d3-a662-3a0632929ea9?ccb=9-4&oh=01_ASCsd-bIVv-J6rOqEFNjFCFVMhsxz74DKJ0gBJh3oBJ9Vw&oe=662D8215&_nc_sid=000000',
      mediaKeyTimestamp: [Long],
      jpegThumbnail: [Uint8Array],
      contextInfo: [ContextInfo],
      viewOnce: false
    },
    messageContextInfo: MessageContextInfo {
      deviceListMetadata: [DeviceListMetadata],
      deviceListMetadataVersion: 2
    }
  },
  body: '_event_media__04d965c1-8c87-421a-b666-694043f9213f',
  from: '5219842343944'
}
[QUEUE_SE_ENVIO]:  {
  ref: 'ans_5f58bbcb-d7bb-4aa8-b07b-dcfbddf3c2ca',
  keyword: 'ans_7e8494bb-bc08-4d59-8d8c-2c4f96b6649d',
  answer: '¿Ubicación de su negocio?',
  options: {
    media: null,
    buttons: [],
    capture: true,
    child: null,
    delay: 0,
    idle: null,
    ref: null,
    nested: [],
    keyword: {},
    callback: true
  },
  refSerialize: 'b89525f77803e9bd4e8292a879f52602'
}
[handleMsg]:  {
  key: {
    remoteJid: '5219842343944@s.whatsapp.net',
    fromMe: false,
    id: '3EB06D6984EB2A8E2BFC7A',
    participant: undefined
  },
  messageTimestamp: 1711668528,
  pushName: 'Héctor Ruiz',
  broadcast: false,
  message: Message {
    extendedTextMessage: ExtendedTextMessage {
      text: 'ESTO ES UN TEST',
      contextInfo: [ContextInfo],
      inviteLinkGroupTypeV2: 0
    },
    messageContextInfo: MessageContextInfo {
      deviceListMetadata: [DeviceListMetadata],
      deviceListMetadataVersion: 2
    }
  },
  body: 'ESTO ES UN TEST',
  from: '5219842343944'
}
[QUEUE_SE_ENVIO]:  {
  ref: 'ans_a7aa8e9c-1ff8-491b-8016-ef3208ec5ba6',
  keyword: 'ans_5f58bbcb-d7bb-4aa8-b07b-dcfbddf3c2ca',
  answer: '¿Descripción de los productos o servicios ofrecidos?',
  options: {
    media: null,
    buttons: [],
    capture: true,
    child: null,
    delay: 0,
    idle: null,
    ref: null,
    nested: [],
    keyword: {},
    callback: true
  },
  refSerialize: '9ae8be75e914886b5e12160d234caedf'
}
[handleMsg]:  {
  key: {
    remoteJid: '5219842343944@s.whatsapp.net',
    fromMe: false,
    id: '3EB0FEB3F69EDFEA1F8CE6',
    participant: undefined
  },
  messageTimestamp: 1711668529,
  pushName: 'Héctor Ruiz',
  broadcast: false,
  message: Message {
    extendedTextMessage: ExtendedTextMessage {
      text: 'HOLA',
      contextInfo: [ContextInfo],
      inviteLinkGroupTypeV2: 0
    },
    messageContextInfo: MessageContextInfo {
      deviceListMetadata: [DeviceListMetadata],
      deviceListMetadataVersion: 2
    }
  },
  body: 'HOLA',
  from: '5219842343944'
}
[QUEUE_SE_ENVIO]:  {
  ref: 'ans_a957035d-2b33-4db2-8760-15d343ca1576',
  keyword: 'ans_a7aa8e9c-1ff8-491b-8016-ef3208ec5ba6',
  answer: '¿Número de proveedores y empleados?',
  options: {
    media: null,
    buttons: [],
    capture: true,
    child: null,
    delay: 0,
    idle: null,
    ref: null,
    nested: [],
    keyword: {},
    callback: true
  },
  refSerialize: 'a1a4aeeb746e8a82232aeb98ad16b62b'
}
[handleMsg]:  {
  key: {
    remoteJid: '5219842343944@s.whatsapp.net',
    fromMe: false,
    id: '3EB0DB65C696B9B518ED35',
    participant: undefined
  },
  messageTimestamp: 1711668531,
  pushName: 'Héctor Ruiz',
  broadcast: false,
  message: Message {
    extendedTextMessage: ExtendedTextMessage {
      text: 'A',
      contextInfo: [ContextInfo],
      inviteLinkGroupTypeV2: 0
    },
    messageContextInfo: MessageContextInfo {
      deviceListMetadata: [DeviceListMetadata],
      deviceListMetadataVersion: 2
    }
  },
  body: 'A',
  from: '5219842343944'
}
[QUEUE_SE_ENVIO]:  {
  ref: 'ans_24e28826-7f97-45b7-a6ee-5854e67d0e9f',
  keyword: 'ans_a957035d-2b33-4db2-8760-15d343ca1576',
  answer: '¿Método de contacto de sus proveedores?',
  options: {
    media: null,
    buttons: [],
    capture: true,
    child: null,
    delay: 0,
    idle: null,
    ref: null,
    nested: [],
    keyword: {},
    callback: true
  },
  refSerialize: 'c72caaad7d9f220472cbd4273ed3d9a2'
}
[handleMsg]:  {
  key: {
    remoteJid: '5219842343944@s.whatsapp.net',
    fromMe: false,
    id: '3EB02D2F89BF7BAFE1290F',
    participant: undefined
  },
  messageTimestamp: 1711668533,
  pushName: 'Héctor Ruiz',
  broadcast: false,
  message: Message {
    extendedTextMessage: ExtendedTextMessage {
      text: 'A',
      contextInfo: [ContextInfo],
      inviteLinkGroupTypeV2: 0
    },
    messageContextInfo: MessageContextInfo {
      deviceListMetadata: [DeviceListMetadata],
      deviceListMetadataVersion: 2
    }
  },
  body: 'A',
  from: '5219842343944'
}
[QUEUE_SE_ENVIO]:  {
  ref: 'ans_db8870f3-e7c0-46b7-b162-54e50b124d24',
  keyword: 'ans_24e28826-7f97-45b7-a6ee-5854e67d0e9f',
  answer: '¿Procesos para el registro de sus gastos y egresos?',
  options: {
    media: null,
    buttons: [],
    capture: true,
    child: null,
    delay: 0,
    idle: null,
    ref: null,
    nested: [],
    keyword: {},
    callback: true
  },
  refSerialize: '191221d656d8fd07cba4e8437e6b27a8'
}
[handleMsg]:  {
  key: {
    remoteJid: '5219842343944@s.whatsapp.net',
    fromMe: false,
    id: '3EB0C3416DCD08A80BB546',
    participant: undefined
  },
  messageTimestamp: 1711668535,
  pushName: 'Héctor Ruiz',
  broadcast: false,
  message: Message {
    extendedTextMessage: ExtendedTextMessage {
      text: 'A',
      contextInfo: [ContextInfo],
      inviteLinkGroupTypeV2: 0
    },
    messageContextInfo: MessageContextInfo {
      deviceListMetadata: [DeviceListMetadata],
      deviceListMetadataVersion: 2
    }
  },
  body: 'A',
  from: '5219842343944'
}
[QUEUE_SE_ENVIO]:  {
  ref: 'ans_c7667790-ae0d-4c2e-886d-8b85e60aee16',
  keyword: 'ans_db8870f3-e7c0-46b7-b162-54e50b124d24',
  answer: '¿Estaría interesado en una aplicación para el registro de gastos?\n' +
    'Esto sería mediante WhatsApp. (Contestas "Sí" o "No")',
  options: {
    media: null,
    buttons: [],
    capture: true,
    child: null,
    delay: 0,
    idle: null,
    ref: null,
    nested: [],
    keyword: {},
    callback: true
  },
  refSerialize: 'ec84f44a5bba793996a491d11f730c3f'
}
[handleMsg]:  {
  key: {
    remoteJid: '5219842343944@s.whatsapp.net',
    fromMe: false,
    id: '3EB007555FC142CCD17BB1',
    participant: undefined
  },
  messageTimestamp: 1711668536,
  pushName: 'Héctor Ruiz',
  broadcast: false,
  message: Message {
    extendedTextMessage: ExtendedTextMessage {
      text: 'A',
      contextInfo: [ContextInfo],
      inviteLinkGroupTypeV2: 0
    },
    messageContextInfo: MessageContextInfo {
      deviceListMetadata: [DeviceListMetadata],
      deviceListMetadataVersion: 2
    }
  },
  body: 'A',
  from: '5219842343944'
}
[QUEUE_SE_ENVIO]:  {
  ref: 'ans_6305374a-dea6-4667-9600-81b3421fc5ca',
  keyword: 'ans_c7667790-ae0d-4c2e-886d-8b85e60aee16',
  answer: '¿Tiene conocimiento acerca de registros contables?',
  options: {
    media: null,
    buttons: [],
    capture: true,
    child: null,
    delay: 0,
    idle: null,
    ref: null,
    nested: [],
    keyword: {},
    callback: true
  },
  refSerialize: '8d811ec5c799a6d6c324b52350c28564'
}
[handleMsg]:  {
  key: {
    remoteJid: '5219842343944@s.whatsapp.net',
    fromMe: false,
    id: '3EB08074D760CD9412EA1D',
    participant: undefined
  },
  messageTimestamp: 1711668537,
  pushName: 'Héctor Ruiz',
  broadcast: false,
  message: Message {
    extendedTextMessage: ExtendedTextMessage {
      text: 'A',
      contextInfo: [ContextInfo],
      inviteLinkGroupTypeV2: 0
    },
    messageContextInfo: MessageContextInfo {
      deviceListMetadata: [DeviceListMetadata],
      deviceListMetadataVersion: 2
    }
  },
  body: 'A',
  from: '5219842343944'
}
[QUEUE_SE_ENVIO]:  {
  ref: 'ans_9aa20fc3-ff70-458e-bdd0-bdecdfd313a1',
  keyword: 'ans_6305374a-dea6-4667-9600-81b3421fc5ca',
  answer: 'Detalle de productos y precios',
  options: {
    media: null,
    buttons: [],
    capture: true,
    child: null,
    delay: 0,
    idle: null,
    ref: null,
    nested: [],
    keyword: {},
    callback: true
  },
  refSerialize: 'c8bfb537115c5a61ce8b5e2da0eda13a'
}
[handleMsg]:  {
  key: {
    remoteJid: '5219842343944@s.whatsapp.net',
    fromMe: false,
    id: '3EB0C63C6DD45F918BA18B',
    participant: undefined
  },
  messageTimestamp: 1711668539,
  pushName: 'Héctor Ruiz',
  broadcast: false,
  message: Message {
    extendedTextMessage: ExtendedTextMessage {
      text: 'A',
      contextInfo: [ContextInfo],
      inviteLinkGroupTypeV2: 0
    },
    messageContextInfo: MessageContextInfo {
      deviceListMetadata: [DeviceListMetadata],
      deviceListMetadataVersion: 2
    }
  },
  body: 'A',
  from: '5219842343944'
}
[QUEUE_SE_ENVIO]:  {
  ref: 'ans_fc06667a-736d-4cb6-ac0d-b6b056652b1e',
  keyword: 'ans_9aa20fc3-ff70-458e-bdd0-bdecdfd313a1',
  answer: '¿Duración del emprendimiento?',
  options: {
    media: null,
    buttons: [],
    capture: true,
    child: null,
    delay: 0,
    idle: null,
    ref: null,
    nested: [],
    keyword: {},
    callback: true
  },
  refSerialize: '1a8639a0ba0fa15e83d83be05d0fcd31'
}
[handleMsg]:  {
  key: {
    remoteJid: '5219842343944@s.whatsapp.net',
    fromMe: false,
    id: '3EB095568AF91B6A9FF428',
    participant: undefined
  },
  messageTimestamp: 1711668541,
  pushName: 'Héctor Ruiz',
  broadcast: false,
  message: Message {
    extendedTextMessage: ExtendedTextMessage {
      text: 'A',
      contextInfo: [ContextInfo],
      inviteLinkGroupTypeV2: 0
    },
    messageContextInfo: MessageContextInfo {
      deviceListMetadata: [DeviceListMetadata],
      deviceListMetadataVersion: 2
    }
  },
  body: 'A',
  from: '5219842343944'
}
[QUEUE_SE_ENVIO]:  {
  ref: 'ans_8cac37f3-5821-4656-89b7-fe71e1fbc614',
  keyword: 'ans_fc06667a-736d-4cb6-ac0d-b6b056652b1e',
  answer: '¿Cuál es el estado de formalidad del negocio?',
  options: {
    media: null,
    buttons: [],
    capture: true,
    child: null,
    delay: 0,
    idle: null,
    ref: null,
    nested: [],
    keyword: {},
    callback: true
  },
  refSerialize: 'cd21c8bac02a4370386d678f2ef85395'
}
[handleMsg]:  {
  key: {
    remoteJid: '5219842343944@s.whatsapp.net',
    fromMe: false,
    id: '3EB07B00982D2CBB8E716E',
    participant: undefined
  },
  messageTimestamp: 1711668543,
  pushName: 'Héctor Ruiz',
  broadcast: false,
  message: Message {
    extendedTextMessage: ExtendedTextMessage {
      text: 'A',
      contextInfo: [ContextInfo],
      inviteLinkGroupTypeV2: 0
    },
    messageContextInfo: MessageContextInfo {
      deviceListMetadata: [DeviceListMetadata],
      deviceListMetadataVersion: 2
    }
  },
  body: 'A',
  from: '5219842343944'
}
[handleMsg]:  {
  key: {
    remoteJid: '5219842343944@s.whatsapp.net',
    fromMe: false,
    id: '3EB07A2835E142DCE065F8',
    participant: undefined
  },
  messageTimestamp: 1711668544,
  pushName: 'Héctor Ruiz',
  broadcast: false,
  message: Message {
    extendedTextMessage: ExtendedTextMessage {
      text: 'A',
      contextInfo: [ContextInfo],
      inviteLinkGroupTypeV2: 0
    },
    messageContextInfo: MessageContextInfo {
      deviceListMetadata: [DeviceListMetadata],
      deviceListMetadataVersion: 2
    }
  },
  body: 'A',
  from: '5219842343944'
}
[QUEUE_SE_ENVIO]:  {
  ref: 'ans_52c2a1b0-942e-45d0-ad0e-e177720461fe',
  keyword: 'ans_8cac37f3-5821-4656-89b7-fe71e1fbc614',
  answer: 'Perfecto. Estamos registrando sus datos',
  options: {
    media: null,
    buttons: [],
    capture: false,
    child: null,
    delay: 0,
    idle: null,
    ref: null,
    nested: [],
    keyword: {},
    callback: true
  },
  refSerialize: '5eb6bddd5b8a919c31325d2c3d333936'
}
[QUEUE_SE_ENVIO]:  {
  ref: 'ans_5b90b573-5fb1-4d12-b3f9-fc8df561c73c',
  keyword: 'key_c0a3a68b-ef3f-421e-85a6-e6c96a396f38',
  answer: '🙌 Hola, bienvenido a *VozFinanzas Chatbot*',
  options: {
    media: null,
    buttons: [],
    capture: false,
    child: null,
    delay: 0,
    idle: null,
    ref: null,
    nested: [],
    keyword: {},
    callback: false
  },
  refSerialize: '8d53b49c6c6fd4230e1400abcd7121d5'
}
[QUEUE_SE_ENVIO]:  {
  ref: 'ans_68e511d4-1ac6-43f0-9a40-df7b81c06500',
  keyword: 'ans_5b90b573-5fb1-4d12-b3f9-fc8df561c73c',
  answer: 'Si buscas impulsar el crecimiento de tu empresa, estás en el lugar correcto.\n' +
    'Por favor, elige una de las siguientes opciones para continuar:\n' +
    '👉 Escribe *Aquí* si deseas registrarte directamente desde este chat. Es ideal para quienes usan nuestros servicios por primera vez.\n' +
    '👉 Escribe *Form* si prefieres registrarte a través de nuestro formulario de Google. Esta opción es una alternativa de registro.\n' +
    '👉 Escribe *Servicios* para conocer más sobre lo que ofrecemos. Un asistente te proporcionará la información necesaria.\n' +
    '👉 Escribe *Presupuesto* si deseas recibir un estimado sobre el costo de nuestros servicios.',
  options: {
    media: null,
    buttons: [],
    capture: true,
    child: null,
    delay: 1000,
    idle: null,
    ref: null,
    nested: [
      [Object], [Object],
      [Object], [Object],
      [Object], [Object],
      [Object], [Object],
      [Object], [Object],
      [Object], [Object],
      [Object], [Object],
      [Object], [Object],
      [Object]
    ],
    keyword: {},
    callback: true
  },
  refSerialize: '50281527cac48e8232a988a699d0a9de'
}
